# JRE version: OpenJDK Runtime Environment (8.0_152-b01) (build 1.8.0_152-release-1248-b01)
# Java VM: OpenJDK 64-Bit Server VM (25.152-b01 mixed mode windows-amd64 compressed oops)
Heap:
 PSYoungGen      total 78848K, used 49780K [0x00000000e0000000, 0x00000000e5600000, 0x0000000100000000)
  eden space 70656K, 61% used [0x00000000e0000000,0x00000000e2a62e00,0x00000000e4500000)
  from space 8192K, 77% used [0x00000000e4e00000,0x00000000e543a2c0,0x00000000e5600000)
  to   space 8704K, 0% used [0x00000000e4500000,0x00000000e4500000,0x00000000e4d80000)
 ParOldGen       total 51712K, used 30376K [0x00000000a0000000, 0x00000000a3280000, 0x00000000e0000000)
  object space 51712K, 58% used [0x00000000a0000000,0x00000000a1daa3b0,0x00000000a3280000)
 Metaspace       used 56331K, capacity 57964K, committed 58328K, reserved 1099776K
  class space    used 7684K, capacity 8089K, committed 8192K, reserved 1048576K
GC Heap History (10 events):
Event: 32.131 GC heap before
{Heap before GC invocations=20 (full 2):
 PSYoungGen      total 48128K, used 43008K [0x00000000e0000000, 0x00000000e3f80000, 0x0000000100000000)
  eden space 43008K, 100% used [0x00000000e0000000,0x00000000e2a00000,0x00000000e2a00000)
  from space 5120K, 0% used [0x00000000e2a00000,0x00000000e2a00000,0x00000000e2f00000)
  to   space 5120K, 0% used [0x00000000e3a80000,0x00000000e3a80000,0x00000000e3f80000)
 ParOldGen       total 51712K, used 15437K [0x00000000a0000000, 0x00000000a3280000, 0x00000000e0000000)
  object space 51712K, 29% used [0x00000000a0000000,0x00000000a0f135b0,0x00000000a3280000)
 Metaspace       used 37019K, capacity 37658K, committed 37848K, reserved 1081344K
  class space    used 5075K, capacity 5297K, committed 5376K, reserved 1048576K
Event: 32.145 GC heap after
Heap after GC invocations=20 (full 2):
 PSYoungGen      total 54272K, used 3486K [0x00000000e0000000, 0x00000000e3e00000, 0x0000000100000000)
  eden space 50688K, 0% used [0x00000000e0000000,0x00000000e0000000,0x00000000e3180000)
  from space 3584K, 97% used [0x00000000e3a80000,0x00000000e3de7bc0,0x00000000e3e00000)
  to   space 5120K, 0% used [0x00000000e3400000,0x00000000e3400000,0x00000000e3900000)
 ParOldGen       total 51712K, used 15445K [0x00000000a0000000, 0x00000000a3280000, 0x00000000e0000000)
  object space 51712K, 29% used [0x00000000a0000000,0x00000000a0f155b0,0x00000000a3280000)
 Metaspace       used 37019K, capacity 37658K, committed 37848K, reserved 1081344K
  class space    used 5075K, capacity 5297K, committed 5376K, reserved 1048576K
}
Event: 34.424 GC heap before
{Heap before GC invocations=21 (full 2):
 PSYoungGen      total 54272K, used 54174K [0x00000000e0000000, 0x00000000e3e00000, 0x0000000100000000)
  eden space 50688K, 100% used [0x00000000e0000000,0x00000000e3180000,0x00000000e3180000)
  from space 3584K, 97% used [0x00000000e3a80000,0x00000000e3de7bc0,0x00000000e3e00000)
  to   space 5120K, 0% used [0x00000000e3400000,0x00000000e3400000,0x00000000e3900000)
 ParOldGen       total 51712K, used 15445K [0x00000000a0000000, 0x00000000a3280000, 0x00000000e0000000)
  object space 51712K, 29% used [0x00000000a0000000,0x00000000a0f155b0,0x00000000a3280000)
 Metaspace       used 40878K, capacity 41642K, committed 41816K, reserved 1085440K
  class space    used 5514K, capacity 5741K, committed 5760K, reserved 1048576K
Event: 34.454 GC heap after
Heap after GC invocations=21 (full 2):
 PSYoungGen      total 58368K, used 5103K [0x00000000e0000000, 0x00000000e4880000, 0x0000000100000000)
  eden space 53248K, 0% used [0x00000000e0000000,0x00000000e0000000,0x00000000e3400000)
  from space 5120K, 99% used [0x00000000e3400000,0x00000000e38fbe28,0x00000000e3900000)
  to   space 7168K, 0% used [0x00000000e4180000,0x00000000e4180000,0x00000000e4880000)
 ParOldGen       total 51712K, used 19712K [0x00000000a0000000, 0x00000000a3280000, 0x00000000e0000000)
  object space 51712K, 38% used [0x00000000a0000000,0x00000000a13402b0,0x00000000a3280000)
 Metaspace       used 40878K, capacity 41642K, committed 41816K, reserved 1085440K
  class space    used 5514K, capacity 5741K, committed 5760K, reserved 1048576K
}
Event: 37.208 GC heap before
{Heap before GC invocations=22 (full 2):
 PSYoungGen      total 58368K, used 58351K [0x00000000e0000000, 0x00000000e4880000, 0x0000000100000000)
  eden space 53248K, 100% used [0x00000000e0000000,0x00000000e3400000,0x00000000e3400000)
  from space 5120K, 99% used [0x00000000e3400000,0x00000000e38fbe28,0x00000000e3900000)
  to   space 7168K, 0% used [0x00000000e4180000,0x00000000e4180000,0x00000000e4880000)
 ParOldGen       total 51712K, used 19712K [0x00000000a0000000, 0x00000000a3280000, 0x00000000e0000000)
  object space 51712K, 38% used [0x00000000a0000000,0x00000000a13402b0,0x00000000a3280000)
 Metaspace       used 44543K, capacity 45444K, committed 45528K, reserved 1089536K
  class space    used 6076K, capacity 6349K, committed 6400K, reserved 1048576K
Event: 37.301 GC heap after
Heap after GC invocations=22 (full 2):
 PSYoungGen      total 66048K, used 6629K [0x00000000e0000000, 0x00000000e5000000, 0x0000000100000000)
  eden space 58880K, 0% used [0x00000000e0000000,0x00000000e0000000,0x00000000e3980000)
  from space 7168K, 92% used [0x00000000e4180000,0x00000000e47f9488,0x00000000e4880000)
  to   space 8192K, 0% used [0x00000000e3980000,0x00000000e3980000,0x00000000e4180000)
 ParOldGen       total 51712K, used 24650K [0x00000000a0000000, 0x00000000a3280000, 0x00000000e0000000)
  object space 51712K, 47% used [0x00000000a0000000,0x00000000a1812bf8,0x00000000a3280000)
 Metaspace       used 44543K, capacity 45444K, committed 45528K, reserved 1089536K
  class space    used 6076K, capacity 6349K, committed 6400K, reserved 1048576K
}
Event: 39.991 GC heap before
{Heap before GC invocations=23 (full 2):
 PSYoungGen      total 66048K, used 65509K [0x00000000e0000000, 0x00000000e5000000, 0x0000000100000000)
  eden space 58880K, 100% used [0x00000000e0000000,0x00000000e3980000,0x00000000e3980000)
  from space 7168K, 92% used [0x00000000e4180000,0x00000000e47f9488,0x00000000e4880000)
  to   space 8192K, 0% used [0x00000000e3980000,0x00000000e3980000,0x00000000e4180000)
 ParOldGen       total 51712K, used 24650K [0x00000000a0000000, 0x00000000a3280000, 0x00000000e0000000)
  object space 51712K, 47% used [0x00000000a0000000,0x00000000a1812bf8,0x00000000a3280000)
 Metaspace       used 50643K, capacity 51854K, committed 52056K, reserved 1093632K
  class space    used 6817K, capacity 7174K, committed 7296K, reserved 1048576K
Event: 40.017 GC heap after
Heap after GC invocations=23 (full 2):
 PSYoungGen      total 67072K, used 5158K [0x00000000e0000000, 0x00000000e5600000, 0x0000000100000000)
  eden space 58880K, 0% used [0x00000000e0000000,0x00000000e0000000,0x00000000e3980000)
  from space 8192K, 62% used [0x00000000e3980000,0x00000000e3e89b80,0x00000000e4180000)
  to   space 8192K, 0% used [0x00000000e4e00000,0x00000000e4e00000,0x00000000e5600000)
 ParOldGen       total 51712K, used 28517K [0x00000000a0000000, 0x00000000a3280000, 0x00000000e0000000)
  object space 51712K, 55% used [0x00000000a0000000,0x00000000a1bd9468,0x00000000a3280000)
 Metaspace       used 50643K, capacity 51854K, committed 52056K, reserved 1093632K
  class space    used 6817K, capacity 7174K, committed 7296K, reserved 1048576K
}
Event: 42.311 GC heap before
{Heap before GC invocations=24 (full 2):
 PSYoungGen      total 67072K, used 64038K [0x00000000e0000000, 0x00000000e5600000, 0x0000000100000000)
  eden space 58880K, 100% used [0x00000000e0000000,0x00000000e3980000,0x00000000e3980000)
  from space 8192K, 62% used [0x00000000e3980000,0x00000000e3e89b80,0x00000000e4180000)
  to   space 8192K, 0% used [0x00000000e4e00000,0x00000000e4e00000,0x00000000e5600000)
 ParOldGen       total 51712K, used 28517K [0x00000000a0000000, 0x00000000a3280000, 0x00000000e0000000)
  object space 51712K, 55% used [0x00000000a0000000,0x00000000a1bd9468,0x00000000a3280000)
 Metaspace       used 54924K, capacity 56566K, committed 56792K, reserved 1097728K
  class space    used 7514K, capacity 7914K, committed 7936K, reserved 1048576K
Event: 42.331 GC heap after
Heap after GC invocations=24 (full 2):
 PSYoungGen      total 78848K, used 6376K [0x00000000e0000000, 0x00000000e5600000, 0x0000000100000000)
  eden space 70656K, 0% used [0x00000000e0000000,0x00000000e0000000,0x00000000e4500000)
  from space 8192K, 77% used [0x00000000e4e00000,0x00000000e543a2c0,0x00000000e5600000)
  to   space 8704K, 0% used [0x00000000e4500000,0x00000000e4500000,0x00000000e4d80000)
 ParOldGen       total 51712K, used 30376K [0x00000000a0000000, 0x00000000a3280000, 0x00000000e0000000)
  object space 51712K, 58% used [0x00000000a0000000,0x00000000a1daa3b0,0x00000000a3280000)
 Metaspace       used 54924K, capacity 56566K, committed 56792K, reserved 1097728K
  class space    used 7514K, capacity 7914K, committed 7936K, reserved 1048576K
}

