# JRE version: OpenJDK Runtime Environment (8.0_152-b01) (build 1.8.0_152-release-1248-b01)
# Java VM: OpenJDK 64-Bit Server VM (25.152-b01 mixed mode windows-amd64 compressed oops)
Heap:
 PSYoungGen      total 98816K, used 72311K [0x00000000e0000000, 0x00000000e8a80000, 0x0000000100000000)
  eden space 89600K, 80% used [0x00000000e0000000,0x00000000e469dd28,0x00000000e5780000)
  from space 9216K, 0% used [0x00000000e5780000,0x00000000e5780000,0x00000000e6080000)
  to   space 9216K, 0% used [0x00000000e8180000,0x00000000e8180000,0x00000000e8a80000)
 ParOldGen       total 32768K, used 17666K [0x00000000a0000000, 0x00000000a2000000, 0x00000000e0000000)
  object space 32768K, 53% used [0x00000000a0000000,0x00000000a1140bf8,0x00000000a2000000)
 Metaspace       used 41130K, capacity 41786K, committed 42152K, reserved 1085440K
  class space    used 5529K, capacity 5771K, committed 5808K, reserved 1048576K
GC Heap History (10 events):
Event: 10.817 GC heap before
{Heap before GC invocations=9 (full 1):
 PSYoungGen      total 71680K, used 5194K [0x00000000e0000000, 0x00000000e4d00000, 0x0000000100000000)
  eden space 64512K, 0% used [0x00000000e0000000,0x00000000e0000000,0x00000000e3f00000)
  from space 7168K, 72% used [0x00000000e4600000,0x00000000e4b12858,0x00000000e4d00000)
  to   space 7168K, 0% used [0x00000000e3f00000,0x00000000e3f00000,0x00000000e4600000)
 ParOldGen       total 44032K, used 6900K [0x00000000a0000000, 0x00000000a2b00000, 0x00000000e0000000)
  object space 44032K, 15% used [0x00000000a0000000,0x00000000a06bd038,0x00000000a2b00000)
 Metaspace       used 20802K, capacity 21250K, committed 21296K, reserved 1067008K
  class space    used 2908K, capacity 3074K, committed 3120K, reserved 1048576K
Event: 10.892 GC heap after
Heap after GC invocations=9 (full 1):
 PSYoungGen      total 71680K, used 0K [0x00000000e0000000, 0x00000000e4d00000, 0x0000000100000000)
  eden space 64512K, 0% used [0x00000000e0000000,0x00000000e0000000,0x00000000e3f00000)
  from space 7168K, 0% used [0x00000000e4600000,0x00000000e4600000,0x00000000e4d00000)
  to   space 7168K, 0% used [0x00000000e3f00000,0x00000000e3f00000,0x00000000e4600000)
 ParOldGen       total 32768K, used 8188K [0x00000000a0000000, 0x00000000a2000000, 0x00000000e0000000)
  object space 32768K, 24% used [0x00000000a0000000,0x00000000a07ff258,0x00000000a2000000)
 Metaspace       used 20802K, capacity 21250K, committed 21296K, reserved 1067008K
  class space    used 2908K, capacity 3074K, committed 3120K, reserved 1048576K
}
Event: 12.486 GC heap before
{Heap before GC invocations=10 (full 1):
 PSYoungGen      total 71680K, used 64512K [0x00000000e0000000, 0x00000000e4d00000, 0x0000000100000000)
  eden space 64512K, 100% used [0x00000000e0000000,0x00000000e3f00000,0x00000000e3f00000)
  from space 7168K, 0% used [0x00000000e4600000,0x00000000e4600000,0x00000000e4d00000)
  to   space 7168K, 0% used [0x00000000e3f00000,0x00000000e3f00000,0x00000000e4600000)
 ParOldGen       total 32768K, used 8188K [0x00000000a0000000, 0x00000000a2000000, 0x00000000e0000000)
  object space 32768K, 24% used [0x00000000a0000000,0x00000000a07ff258,0x00000000a2000000)
 Metaspace       used 25957K, capacity 26390K, committed 26672K, reserved 1073152K
  class space    used 3628K, capacity 3798K, committed 3888K, reserved 1048576K
Event: 12.513 GC heap after
Heap after GC invocations=10 (full 1):
 PSYoungGen      total 71680K, used 6535K [0x00000000e0000000, 0x00000000e6880000, 0x0000000100000000)
  eden space 64512K, 0% used [0x00000000e0000000,0x00000000e0000000,0x00000000e3f00000)
  from space 7168K, 91% used [0x00000000e3f00000,0x00000000e4561ca0,0x00000000e4600000)
  to   space 7680K, 0% used [0x00000000e6100000,0x00000000e6100000,0x00000000e6880000)
 ParOldGen       total 32768K, used 8196K [0x00000000a0000000, 0x00000000a2000000, 0x00000000e0000000)
  object space 32768K, 25% used [0x00000000a0000000,0x00000000a0801258,0x00000000a2000000)
 Metaspace       used 25957K, capacity 26390K, committed 26672K, reserved 1073152K
  class space    used 3628K, capacity 3798K, committed 3888K, reserved 1048576K
}
Event: 16.022 GC heap before
{Heap before GC invocations=11 (full 1):
 PSYoungGen      total 71680K, used 71047K [0x00000000e0000000, 0x00000000e6880000, 0x0000000100000000)
  eden space 64512K, 100% used [0x00000000e0000000,0x00000000e3f00000,0x00000000e3f00000)
  from space 7168K, 91% used [0x00000000e3f00000,0x00000000e4561ca0,0x00000000e4600000)
  to   space 7680K, 0% used [0x00000000e6100000,0x00000000e6100000,0x00000000e6880000)
 ParOldGen       total 32768K, used 8196K [0x00000000a0000000, 0x00000000a2000000, 0x00000000e0000000)
  object space 32768K, 25% used [0x00000000a0000000,0x00000000a0801258,0x00000000a2000000)
 Metaspace       used 30026K, capacity 30530K, committed 30768K, reserved 1075200K
  class space    used 4186K, capacity 4364K, committed 4400K, reserved 1048576K
Event: 16.039 GC heap after
Heap after GC invocations=11 (full 1):
 PSYoungGen      total 97280K, used 7670K [0x00000000e0000000, 0x00000000e6980000, 0x0000000100000000)
  eden space 89600K, 0% used [0x00000000e0000000,0x00000000e0000000,0x00000000e5780000)
  from space 7680K, 99% used [0x00000000e6100000,0x00000000e687d980,0x00000000e6880000)
  to   space 9216K, 0% used [0x00000000e5780000,0x00000000e5780000,0x00000000e6080000)
 ParOldGen       total 32768K, used 9580K [0x00000000a0000000, 0x00000000a2000000, 0x00000000e0000000)
  object space 32768K, 29% used [0x00000000a0000000,0x00000000a095b2e0,0x00000000a2000000)
 Metaspace       used 30026K, capacity 30530K, committed 30768K, reserved 1075200K
  class space    used 4186K, capacity 4364K, committed 4400K, reserved 1048576K
}
Event: 17.980 GC heap before
{Heap before GC invocations=12 (full 1):
 PSYoungGen      total 97280K, used 47525K [0x00000000e0000000, 0x00000000e6980000, 0x0000000100000000)
  eden space 89600K, 44% used [0x00000000e0000000,0x00000000e26ebcf8,0x00000000e5780000)
  from space 7680K, 99% used [0x00000000e6100000,0x00000000e687d980,0x00000000e6880000)
  to   space 9216K, 0% used [0x00000000e5780000,0x00000000e5780000,0x00000000e6080000)
 ParOldGen       total 32768K, used 9580K [0x00000000a0000000, 0x00000000a2000000, 0x00000000e0000000)
  object space 32768K, 29% used [0x00000000a0000000,0x00000000a095b2e0,0x00000000a2000000)
 Metaspace       used 34741K, capacity 35388K, committed 35496K, reserved 1079296K
  class space    used 4769K, capacity 4983K, committed 5040K, reserved 1048576K
Event: 17.998 GC heap after
Heap after GC invocations=12 (full 1):
 PSYoungGen      total 98816K, used 5668K [0x00000000e0000000, 0x00000000e8a80000, 0x0000000100000000)
  eden space 89600K, 0% used [0x00000000e0000000,0x00000000e0000000,0x00000000e5780000)
  from space 9216K, 61% used [0x00000000e5780000,0x00000000e5d09238,0x00000000e6080000)
  to   space 9216K, 0% used [0x00000000e8180000,0x00000000e8180000,0x00000000e8a80000)
 ParOldGen       total 32768K, used 15258K [0x00000000a0000000, 0x00000000a2000000, 0x00000000e0000000)
  object space 32768K, 46% used [0x00000000a0000000,0x00000000a0ee6990,0x00000000a2000000)
 Metaspace       used 34741K, capacity 35388K, committed 35496K, reserved 1079296K
  class space    used 4769K, capacity 4983K, committed 5040K, reserved 1048576K
}
Event: 17.998 GC heap before
{Heap before GC invocations=13 (full 2):
 PSYoungGen      total 98816K, used 5668K [0x00000000e0000000, 0x00000000e8a80000, 0x0000000100000000)
  eden space 89600K, 0% used [0x00000000e0000000,0x00000000e0000000,0x00000000e5780000)
  from space 9216K, 61% used [0x00000000e5780000,0x00000000e5d09238,0x00000000e6080000)
  to   space 9216K, 0% used [0x00000000e8180000,0x00000000e8180000,0x00000000e8a80000)
 ParOldGen       total 32768K, used 15258K [0x00000000a0000000, 0x00000000a2000000, 0x00000000e0000000)
  object space 32768K, 46% used [0x00000000a0000000,0x00000000a0ee6990,0x00000000a2000000)
 Metaspace       used 34741K, capacity 35388K, committed 35496K, reserved 1079296K
  class space    used 4769K, capacity 4983K, committed 5040K, reserved 1048576K
Event: 18.110 GC heap after
Heap after GC invocations=13 (full 2):
 PSYoungGen      total 98816K, used 0K [0x00000000e0000000, 0x00000000e8a80000, 0x0000000100000000)
  eden space 89600K, 0% used [0x00000000e0000000,0x00000000e0000000,0x00000000e5780000)
  from space 9216K, 0% used [0x00000000e5780000,0x00000000e5780000,0x00000000e6080000)
  to   space 9216K, 0% used [0x00000000e8180000,0x00000000e8180000,0x00000000e8a80000)
 ParOldGen       total 32768K, used 17666K [0x00000000a0000000, 0x00000000a2000000, 0x00000000e0000000)
  object space 32768K, 53% used [0x00000000a0000000,0x00000000a1140bf8,0x00000000a2000000)
 Metaspace       used 34718K, capacity 35300K, committed 35496K, reserved 1079296K
  class space    used 4762K, capacity 4975K, committed 5040K, reserved 1048576K
}

