# JRE version: OpenJDK Runtime Environment (8.0_152-b01) (build 1.8.0_152-release-1343-b01)
# Java VM: OpenJDK 64-Bit Server VM (25.152-b01 mixed mode windows-amd64 compressed oops)
Heap:
 PSYoungGen      total 245248K, used 197845K [0x00000000e0000000, 0x00000000f3600000, 0x0000000100000000)
  eden space 217088K, 78% used [0x00000000e0000000,0x00000000ea5b7ff8,0x00000000ed400000)
  from space 28160K, 99% used [0x00000000efb80000,0x00000000f16fd4c0,0x00000000f1700000)
  to   space 40448K, 0% used [0x00000000ed400000,0x00000000ed400000,0x00000000efb80000)
 ParOldGen       total 93184K, used 60546K [0x00000000a0000000, 0x00000000a5b00000, 0x00000000e0000000)
  object space 93184K, 64% used [0x00000000a0000000,0x00000000a3b20b00,0x00000000a5b00000)
 Metaspace       used 69202K, capacity 71698K, committed 71896K, reserved 1112064K
  class space    used 9014K, capacity 9618K, committed 9728K, reserved 1048576K
GC Heap History (10 events):
Event: 44.357 GC heap before
{Heap before GC invocations=15 (full 2):
 PSYoungGen      total 168960K, used 35797K [0x00000000e0000000, 0x00000000ebd80000, 0x0000000100000000)
  eden space 153088K, 13% used [0x00000000e0000000,0x00000000e137b1f8,0x00000000e9580000)
  from space 15872K, 99% used [0x00000000ea900000,0x00000000eb87a420,0x00000000eb880000)
  to   space 19968K, 0% used [0x00000000e9580000,0x00000000e9580000,0x00000000ea900000)
 ParOldGen       total 58880K, used 23404K [0x00000000a0000000, 0x00000000a3980000, 0x00000000e0000000)
  object space 58880K, 39% used [0x00000000a0000000,0x00000000a16db2a0,0x00000000a3980000)
 Metaspace       used 57297K, capacity 58968K, committed 59028K, reserved 1099776K
  class space    used 7705K, capacity 8172K, committed 8192K, reserved 1048576K
Event: 44.407 GC heap after
Heap after GC invocations=15 (full 2):
 PSYoungGen      total 173056K, used 2240K [0x00000000e0000000, 0x00000000eef00000, 0x0000000100000000)
  eden space 153088K, 0% used [0x00000000e0000000,0x00000000e0000000,0x00000000e9580000)
  from space 19968K, 11% used [0x00000000e9580000,0x00000000e97b0000,0x00000000ea900000)
  to   space 19968K, 0% used [0x00000000edb80000,0x00000000edb80000,0x00000000eef00000)
 ParOldGen       total 58880K, used 37482K [0x00000000a0000000, 0x00000000a3980000, 0x00000000e0000000)
  object space 58880K, 63% used [0x00000000a0000000,0x00000000a249a8f0,0x00000000a3980000)
 Metaspace       used 57297K, capacity 58968K, committed 59028K, reserved 1099776K
  class space    used 7705K, capacity 8172K, committed 8192K, reserved 1048576K
}
Event: 44.407 GC heap before
{Heap before GC invocations=16 (full 3):
 PSYoungGen      total 173056K, used 2240K [0x00000000e0000000, 0x00000000eef00000, 0x0000000100000000)
  eden space 153088K, 0% used [0x00000000e0000000,0x00000000e0000000,0x00000000e9580000)
  from space 19968K, 11% used [0x00000000e9580000,0x00000000e97b0000,0x00000000ea900000)
  to   space 19968K, 0% used [0x00000000edb80000,0x00000000edb80000,0x00000000eef00000)
 ParOldGen       total 58880K, used 37482K [0x00000000a0000000, 0x00000000a3980000, 0x00000000e0000000)
  object space 58880K, 63% used [0x00000000a0000000,0x00000000a249a8f0,0x00000000a3980000)
 Metaspace       used 57297K, capacity 58968K, committed 59028K, reserved 1099776K
  class space    used 7705K, capacity 8172K, committed 8192K, reserved 1048576K
Event: 45.456 GC heap after
Heap after GC invocations=16 (full 3):
 PSYoungGen      total 173056K, used 0K [0x00000000e0000000, 0x00000000eef00000, 0x0000000100000000)
  eden space 153088K, 0% used [0x00000000e0000000,0x00000000e0000000,0x00000000e9580000)
  from space 19968K, 0% used [0x00000000e9580000,0x00000000e9580000,0x00000000ea900000)
  to   space 19968K, 0% used [0x00000000edb80000,0x00000000edb80000,0x00000000eef00000)
 ParOldGen       total 93184K, used 31540K [0x00000000a0000000, 0x00000000a5b00000, 0x00000000e0000000)
  object space 93184K, 33% used [0x00000000a0000000,0x00000000a1ecd280,0x00000000a5b00000)
 Metaspace       used 57297K, capacity 58968K, committed 59028K, reserved 1099776K
  class space    used 7705K, capacity 8172K, committed 8192K, reserved 1048576K
}
Event: 51.877 GC heap before
{Heap before GC invocations=17 (full 3):
 PSYoungGen      total 173056K, used 153088K [0x00000000e0000000, 0x00000000eef00000, 0x0000000100000000)
  eden space 153088K, 100% used [0x00000000e0000000,0x00000000e9580000,0x00000000e9580000)
  from space 19968K, 0% used [0x00000000e9580000,0x00000000e9580000,0x00000000ea900000)
  to   space 19968K, 0% used [0x00000000edb80000,0x00000000edb80000,0x00000000eef00000)
 ParOldGen       total 93184K, used 31540K [0x00000000a0000000, 0x00000000a5b00000, 0x00000000e0000000)
  object space 93184K, 33% used [0x00000000a0000000,0x00000000a1ecd280,0x00000000a5b00000)
 Metaspace       used 59880K, capacity 61664K, committed 61784K, reserved 1101824K
  class space    used 8096K, capacity 8559K, committed 8576K, reserved 1048576K
Event: 51.950 GC heap after
Heap after GC invocations=17 (full 3):
 PSYoungGen      total 204288K, used 16000K [0x00000000e0000000, 0x00000000eeb80000, 0x0000000100000000)
  eden space 187904K, 0% used [0x00000000e0000000,0x00000000e0000000,0x00000000eb780000)
  from space 16384K, 97% used [0x00000000edb80000,0x00000000eeb20030,0x00000000eeb80000)
  to   space 21504K, 0% used [0x00000000ec180000,0x00000000ec180000,0x00000000ed680000)
 ParOldGen       total 93184K, used 31548K [0x00000000a0000000, 0x00000000a5b00000, 0x00000000e0000000)
  object space 93184K, 33% used [0x00000000a0000000,0x00000000a1ecf280,0x00000000a5b00000)
 Metaspace       used 59880K, capacity 61664K, committed 61784K, reserved 1101824K
  class space    used 8096K, capacity 8559K, committed 8576K, reserved 1048576K
}
Event: 60.955 GC heap before
{Heap before GC invocations=18 (full 3):
 PSYoungGen      total 204288K, used 203904K [0x00000000e0000000, 0x00000000eeb80000, 0x0000000100000000)
  eden space 187904K, 100% used [0x00000000e0000000,0x00000000eb780000,0x00000000eb780000)
  from space 16384K, 97% used [0x00000000edb80000,0x00000000eeb20030,0x00000000eeb80000)
  to   space 21504K, 0% used [0x00000000ec180000,0x00000000ec180000,0x00000000ed680000)
 ParOldGen       total 93184K, used 31548K [0x00000000a0000000, 0x00000000a5b00000, 0x00000000e0000000)
  object space 93184K, 33% used [0x00000000a0000000,0x00000000a1ecf280,0x00000000a5b00000)
 Metaspace       used 62100K, capacity 63988K, committed 64088K, reserved 1103872K
  class space    used 8320K, capacity 8782K, committed 8832K, reserved 1048576K
Event: 61.097 GC heap after
Heap after GC invocations=18 (full 3):
 PSYoungGen      total 219648K, used 21494K [0x00000000e0000000, 0x00000000f1700000, 0x0000000100000000)
  eden space 198144K, 0% used [0x00000000e0000000,0x00000000e0000000,0x00000000ec180000)
  from space 21504K, 99% used [0x00000000ec180000,0x00000000ed67dbc8,0x00000000ed680000)
  to   space 28160K, 0% used [0x00000000efb80000,0x00000000efb80000,0x00000000f1700000)
 ParOldGen       total 93184K, used 39226K [0x00000000a0000000, 0x00000000a5b00000, 0x00000000e0000000)
  object space 93184K, 42% used [0x00000000a0000000,0x00000000a264e8c8,0x00000000a5b00000)
 Metaspace       used 62100K, capacity 63988K, committed 64088K, reserved 1103872K
  class space    used 8320K, capacity 8782K, committed 8832K, reserved 1048576K
}
Event: 88.919 GC heap before
{Heap before GC invocations=19 (full 3):
 PSYoungGen      total 219648K, used 219638K [0x00000000e0000000, 0x00000000f1700000, 0x0000000100000000)
  eden space 198144K, 100% used [0x00000000e0000000,0x00000000ec180000,0x00000000ec180000)
  from space 21504K, 99% used [0x00000000ec180000,0x00000000ed67dbc8,0x00000000ed680000)
  to   space 28160K, 0% used [0x00000000efb80000,0x00000000efb80000,0x00000000f1700000)
 ParOldGen       total 93184K, used 39226K [0x00000000a0000000, 0x00000000a5b00000, 0x00000000e0000000)
  object space 93184K, 42% used [0x00000000a0000000,0x00000000a264e8c8,0x00000000a5b00000)
 Metaspace       used 66661K, capacity 68960K, committed 69336K, reserved 1110016K
  class space    used 8761K, capacity 9346K, committed 9472K, reserved 1048576K
Event: 89.054 GC heap after
Heap after GC invocations=19 (full 3):
 PSYoungGen      total 245248K, used 28149K [0x00000000e0000000, 0x00000000f3600000, 0x0000000100000000)
  eden space 217088K, 0% used [0x00000000e0000000,0x00000000e0000000,0x00000000ed400000)
  from space 28160K, 99% used [0x00000000efb80000,0x00000000f16fd4c0,0x00000000f1700000)
  to   space 40448K, 0% used [0x00000000ed400000,0x00000000ed400000,0x00000000efb80000)
 ParOldGen       total 93184K, used 60546K [0x00000000a0000000, 0x00000000a5b00000, 0x00000000e0000000)
  object space 93184K, 64% used [0x00000000a0000000,0x00000000a3b20b00,0x00000000a5b00000)
 Metaspace       used 66661K, capacity 68960K, committed 69336K, reserved 1110016K
  class space    used 8761K, capacity 9346K, committed 9472K, reserved 1048576K
}

