# JRE version: OpenJDK Runtime Environment (8.0_152-b01) (build 1.8.0_152-release-1248-b01)
# Java VM: OpenJDK 64-Bit Server VM (25.152-b01 mixed mode windows-amd64 compressed oops)
Heap:
 PSYoungGen      total 55808K, used 47001K [0x00000000e0000000, 0x00000000e4600000, 0x0000000100000000)
  eden space 50688K, 84% used [0x00000000e0000000,0x00000000e29be6a0,0x00000000e3180000)
  from space 5120K, 83% used [0x00000000e3180000,0x00000000e35a80a0,0x00000000e3680000)
  to   space 5632K, 0% used [0x00000000e4080000,0x00000000e4080000,0x00000000e4600000)
 ParOldGen       total 33280K, used 10863K [0x00000000a0000000, 0x00000000a2080000, 0x00000000e0000000)
  object space 33280K, 32% used [0x00000000a0000000,0x00000000a0a9bee0,0x00000000a2080000)
 Metaspace       used 29620K, capacity 30044K, committed 30208K, reserved 1075200K
  class space    used 4135K, capacity 4311K, committed 4352K, reserved 1048576K
GC Heap History (10 events):
Event: 12.713 GC heap before
{Heap before GC invocations=8 (full 0):
 PSYoungGen      total 21504K, used 19937K [0x00000000e0000000, 0x00000000e2a00000, 0x0000000100000000)
  eden space 15872K, 100% used [0x00000000e0000000,0x00000000e0f80000,0x00000000e0f80000)
  from space 5632K, 72% used [0x00000000e0f80000,0x00000000e13786a8,0x00000000e1500000)
  to   space 5632K, 0% used [0x00000000e2480000,0x00000000e2480000,0x00000000e2a00000)
 ParOldGen       total 44032K, used 5694K [0x00000000a0000000, 0x00000000a2b00000, 0x00000000e0000000)
  object space 44032K, 12% used [0x00000000a0000000,0x00000000a058fbf0,0x00000000a2b00000)
 Metaspace       used 17362K, capacity 17790K, committed 18048K, reserved 1064960K
  class space    used 2504K, capacity 2651K, committed 2688K, reserved 1048576K
Event: 12.736 GC heap after
Heap after GC invocations=8 (full 0):
 PSYoungGen      total 37376K, used 3635K [0x00000000e0000000, 0x00000000e2a00000, 0x0000000100000000)
  eden space 31744K, 0% used [0x00000000e0000000,0x00000000e0000000,0x00000000e1f00000)
  from space 5632K, 64% used [0x00000000e2480000,0x00000000e280cff8,0x00000000e2a00000)
  to   space 5632K, 0% used [0x00000000e1f00000,0x00000000e1f00000,0x00000000e2480000)
 ParOldGen       total 44032K, used 6599K [0x00000000a0000000, 0x00000000a2b00000, 0x00000000e0000000)
  object space 44032K, 14% used [0x00000000a0000000,0x00000000a0671c50,0x00000000a2b00000)
 Metaspace       used 17362K, capacity 17790K, committed 18048K, reserved 1064960K
  class space    used 2504K, capacity 2651K, committed 2688K, reserved 1048576K
}
Event: 13.570 GC heap before
{Heap before GC invocations=9 (full 0):
 PSYoungGen      total 37376K, used 21126K [0x00000000e0000000, 0x00000000e2a00000, 0x0000000100000000)
  eden space 31744K, 55% used [0x00000000e0000000,0x00000000e1114b80,0x00000000e1f00000)
  from space 5632K, 64% used [0x00000000e2480000,0x00000000e280cff8,0x00000000e2a00000)
  to   space 5632K, 0% used [0x00000000e1f00000,0x00000000e1f00000,0x00000000e2480000)
 ParOldGen       total 44032K, used 6599K [0x00000000a0000000, 0x00000000a2b00000, 0x00000000e0000000)
  object space 44032K, 14% used [0x00000000a0000000,0x00000000a0671c50,0x00000000a2b00000)
 Metaspace       used 20817K, capacity 21244K, committed 21248K, reserved 1067008K
  class space    used 2915K, capacity 3072K, committed 3072K, reserved 1048576K
Event: 13.580 GC heap after
Heap after GC invocations=9 (full 0):
 PSYoungGen      total 37376K, used 4179K [0x00000000e0000000, 0x00000000e3d00000, 0x0000000100000000)
  eden space 31744K, 0% used [0x00000000e0000000,0x00000000e0000000,0x00000000e1f00000)
  from space 5632K, 74% used [0x00000000e1f00000,0x00000000e2314c08,0x00000000e2480000)
  to   space 5632K, 0% used [0x00000000e3780000,0x00000000e3780000,0x00000000e3d00000)
 ParOldGen       total 44032K, used 7526K [0x00000000a0000000, 0x00000000a2b00000, 0x00000000e0000000)
  object space 44032K, 17% used [0x00000000a0000000,0x00000000a0759b38,0x00000000a2b00000)
 Metaspace       used 20817K, capacity 21244K, committed 21248K, reserved 1067008K
  class space    used 2915K, capacity 3072K, committed 3072K, reserved 1048576K
}
Event: 13.580 GC heap before
{Heap before GC invocations=10 (full 1):
 PSYoungGen      total 37376K, used 4179K [0x00000000e0000000, 0x00000000e3d00000, 0x0000000100000000)
  eden space 31744K, 0% used [0x00000000e0000000,0x00000000e0000000,0x00000000e1f00000)
  from space 5632K, 74% used [0x00000000e1f00000,0x00000000e2314c08,0x00000000e2480000)
  to   space 5632K, 0% used [0x00000000e3780000,0x00000000e3780000,0x00000000e3d00000)
 ParOldGen       total 44032K, used 7526K [0x00000000a0000000, 0x00000000a2b00000, 0x00000000e0000000)
  object space 44032K, 17% used [0x00000000a0000000,0x00000000a0759b38,0x00000000a2b00000)
 Metaspace       used 20817K, capacity 21244K, committed 21248K, reserved 1067008K
  class space    used 2915K, capacity 3072K, committed 3072K, reserved 1048576K
Event: 13.690 GC heap after
Heap after GC invocations=10 (full 1):
 PSYoungGen      total 37376K, used 0K [0x00000000e0000000, 0x00000000e3d00000, 0x0000000100000000)
  eden space 31744K, 0% used [0x00000000e0000000,0x00000000e0000000,0x00000000e1f00000)
  from space 5632K, 0% used [0x00000000e1f00000,0x00000000e1f00000,0x00000000e2480000)
  to   space 5632K, 0% used [0x00000000e3780000,0x00000000e3780000,0x00000000e3d00000)
 ParOldGen       total 33280K, used 9263K [0x00000000a0000000, 0x00000000a2080000, 0x00000000e0000000)
  object space 33280K, 27% used [0x00000000a0000000,0x00000000a090be40,0x00000000a2080000)
 Metaspace       used 20817K, capacity 21244K, committed 21248K, reserved 1067008K
  class space    used 2915K, capacity 3072K, committed 3072K, reserved 1048576K
}
Event: 14.733 GC heap before
{Heap before GC invocations=11 (full 1):
 PSYoungGen      total 37376K, used 31744K [0x00000000e0000000, 0x00000000e3d00000, 0x0000000100000000)
  eden space 31744K, 100% used [0x00000000e0000000,0x00000000e1f00000,0x00000000e1f00000)
  from space 5632K, 0% used [0x00000000e1f00000,0x00000000e1f00000,0x00000000e2480000)
  to   space 5632K, 0% used [0x00000000e3780000,0x00000000e3780000,0x00000000e3d00000)
 ParOldGen       total 33280K, used 9263K [0x00000000a0000000, 0x00000000a2080000, 0x00000000e0000000)
  object space 33280K, 27% used [0x00000000a0000000,0x00000000a090be40,0x00000000a2080000)
 Metaspace       used 23857K, capacity 24268K, committed 24448K, reserved 1071104K
  class space    used 3269K, capacity 3433K, committed 3456K, reserved 1048576K
Event: 14.743 GC heap after
Heap after GC invocations=11 (full 1):
 PSYoungGen      total 48128K, used 3698K [0x00000000e0000000, 0x00000000e3b80000, 0x0000000100000000)
  eden space 44032K, 0% used [0x00000000e0000000,0x00000000e0000000,0x00000000e2b00000)
  from space 4096K, 90% used [0x00000000e3780000,0x00000000e3b1ca48,0x00000000e3b80000)
  to   space 5120K, 0% used [0x00000000e3180000,0x00000000e3180000,0x00000000e3680000)
 ParOldGen       total 33280K, used 9271K [0x00000000a0000000, 0x00000000a2080000, 0x00000000e0000000)
  object space 33280K, 27% used [0x00000000a0000000,0x00000000a090de40,0x00000000a2080000)
 Metaspace       used 23857K, capacity 24268K, committed 24448K, reserved 1071104K
  class space    used 3269K, capacity 3433K, committed 3456K, reserved 1048576K
}
Event: 16.480 GC heap before
{Heap before GC invocations=12 (full 1):
 PSYoungGen      total 48128K, used 47730K [0x00000000e0000000, 0x00000000e3b80000, 0x0000000100000000)
  eden space 44032K, 100% used [0x00000000e0000000,0x00000000e2b00000,0x00000000e2b00000)
  from space 4096K, 90% used [0x00000000e3780000,0x00000000e3b1ca48,0x00000000e3b80000)
  to   space 5120K, 0% used [0x00000000e3180000,0x00000000e3180000,0x00000000e3680000)
 ParOldGen       total 33280K, used 9271K [0x00000000a0000000, 0x00000000a2080000, 0x00000000e0000000)
  object space 33280K, 27% used [0x00000000a0000000,0x00000000a090de40,0x00000000a2080000)
 Metaspace       used 27145K, capacity 27580K, committed 27776K, reserved 1073152K
  class space    used 3751K, capacity 3895K, committed 3968K, reserved 1048576K
Event: 16.497 GC heap after
Heap after GC invocations=12 (full 1):
 PSYoungGen      total 55808K, used 4256K [0x00000000e0000000, 0x00000000e4600000, 0x0000000100000000)
  eden space 50688K, 0% used [0x00000000e0000000,0x00000000e0000000,0x00000000e3180000)
  from space 5120K, 83% used [0x00000000e3180000,0x00000000e35a80a0,0x00000000e3680000)
  to   space 5632K, 0% used [0x00000000e4080000,0x00000000e4080000,0x00000000e4600000)
 ParOldGen       total 33280K, used 10863K [0x00000000a0000000, 0x00000000a2080000, 0x00000000e0000000)
  object space 33280K, 32% used [0x00000000a0000000,0x00000000a0a9bee0,0x00000000a2080000)
 Metaspace       used 27145K, capacity 27580K, committed 27776K, reserved 1073152K
  class space    used 3751K, capacity 3895K, committed 3968K, reserved 1048576K
}

